<?xml version="1.0" encoding="UTF-8"?>
<Site BuildName="Win32-ninja"
	BuildStamp="20240329-1043-Experimental"
	Name="X1-Carbon-10"
	Generator="ctest-3.28.3"
	CompilerName="C:/msys64/mingw64/bin/g++.exe"
	CompilerVersion=""
	OSName="Windows"
	Hostname="X1-Carbon-10"
	OSRelease=" Professional"
	OSVersion=" (Build 22631)"
	OSPlatform="AMD64"
	Is64Bits="1"
	VendorString="GenuineIntel"
	VendorID="Intel Corporation"
	FamilyID="6"
	ModelID="10"
	ProcessorCacheSize="-1"
	NumberOfLogicalCPU="12"
	NumberOfPhysicalCPU="10"
	TotalVirtualMemory="39127"
	TotalPhysicalMemory="16081"
	LogicalProcessorsPerPhysical="1"
	ProcessorClockFrequency="2611"
	>
	<Testing>
		<StartDateTime>Mar 29 11:50 W. Europe Standard Time</StartDateTime>
		<StartTestTime>1711709431</StartTestTime>
		<TestList/>
		<EndDateTime>Mar 29 11:50 W. Europe Standard Time</EndDateTime>
		<EndTestTime>1711709431</EndTestTime>
		<ElapsedMinutes>0</ElapsedMinutes>
	</Testing>
</Site>
